2019-06-03 23:01:32 [127.0.0.1][-][-][error][yii\db\Exception] exception 'PDOException' with message 'SQLSTATE[HY000] [1045] Access denied for user 'root'@'localhost' (using password: NO)' in C:\phpStudy\PHPTutorial\WWW\jason_shop\vendor\yiisoft\yii2\db\Connection.php:600
Stack trace:
#0 C:\phpStudy\PHPTutorial\WWW\jason_shop\vendor\yiisoft\yii2\db\Connection.php(600): PDO->__construct('mysql:host=loca...', 'root', '', NULL)
#1 C:\phpStudy\PHPTutorial\WWW\jason_shop\vendor\yiisoft\yii2\db\Connection.php(542): yii\db\Connection->createPdoInstance()
#2 C:\phpStudy\PHPTutorial\WWW\jason_shop\vendor\yiisoft\yii2\db\Connection.php(861): yii\db\Connection->open()
#3 C:\phpStudy\PHPTutorial\WWW\jason_shop\vendor\yiisoft\yii2\db\Connection.php(848): yii\db\Connection->getMasterPdo()
#4 C:\phpStudy\PHPTutorial\WWW\jason_shop\vendor\yiisoft\yii2\db\Command.php(219): yii\db\Connection->getSlavePdo()
#5 C:\phpStudy\PHPTutorial\WWW\jason_shop\vendor\yiisoft\yii2\db\Command.php(894): yii\db\Command->prepare('<span class="ke...')
#6 C:\phpStudy\PHPTutorial\WWW\jason_shop\vendor\yiisoft\yii2\db\Command.php(362): yii\db\Command->queryInternal('<span class="st...', '<span class="ke...')
#7 C:\phpStudy\PHPTutorial\WWW\jason_shop\vendor\yiisoft\yii2\db\Query.php(210): yii\db\Command->queryAll()
#8 C:\phpStudy\PHPTutorial\WWW\jason_shop\vendor\yiisoft\yii2\db\ActiveQuery.php(133): yii\db\Query->all('<span class="ke...')
#9 C:\phpStudy\PHPTutorial\WWW\jason_shop\models\Category.php(105): yii\db\ActiveQuery->all()
#10 C:\phpStudy\PHPTutorial\WWW\jason_shop\controllers\CommonController.php(15): app\models\Category::getMenu()
#11 C:\phpStudy\PHPTutorial\WWW\jason_shop\vendor\yiisoft\yii2\base\Object.php(107): app\controllers\CommonController->init()
#12 C:\phpStudy\PHPTutorial\WWW\jason_shop\vendor\yiisoft\yii2\base\Controller.php(84): yii\base\Object->__construct('[]')
#13 [internal function]: yii\base\Controller->__construct('<span class="st...', Object(yii\web\Application), '[]')
#14 C:\phpStudy\PHPTutorial\WWW\jason_shop\vendor\yiisoft\yii2\di\Container.php(368): ReflectionClass->newInstanceArgs('[<span class="s...')
#15 C:\phpStudy\PHPTutorial\WWW\jason_shop\vendor\yiisoft\yii2\di\Container.php(153): yii\di\Container->build('<span class="st...', '[<span class="s...', '[]')
#16 C:\phpStudy\PHPTutorial\WWW\jason_shop\vendor\yiisoft\yii2\BaseYii.php(340): yii\di\Container->get('<span class="st...', '[<span class="s...')
#17 C:\phpStudy\PHPTutorial\WWW\jason_shop\vendor\yiisoft\yii2\base\Module.php(567): yii\BaseYii::createObject('<span class="st...', '[<span class="s...')
#18 C:\phpStudy\PHPTutorial\WWW\jason_shop\vendor\yiisoft\yii2\base\Module.php(520): yii\base\Module->createControllerByID('<span class="st...')
#19 C:\phpStudy\PHPTutorial\WWW\jason_shop\vendor\yiisoft\yii2\base\Module.php(448): yii\base\Module->createController('<span class="st...')
#20 C:\phpStudy\PHPTutorial\WWW\jason_shop\vendor\yiisoft\yii2\web\Application.php(84): yii\base\Module->runAction('<span class="st...', '[]')
#21 C:\phpStudy\PHPTutorial\WWW\jason_shop\vendor\yiisoft\yii2\base\Application.php(375): yii\web\Application->handleRequest(Object(yii\web\Request))
#22 C:\phpStudy\PHPTutorial\WWW\jason_shop\web\index.php(12): yii\base\Application->run()
#23 {main}

Next exception 'yii\db\Exception' with message 'SQLSTATE[HY000] [1045] Access denied for user 'root'@'localhost' (using password: NO)' in C:\phpStudy\PHPTutorial\WWW\jason_shop\vendor\yiisoft\yii2\db\Connection.php:547
Stack trace:
#0 C:\phpStudy\PHPTutorial\WWW\jason_shop\vendor\yiisoft\yii2\db\Connection.php(861): yii\db\Connection->open()
#1 C:\phpStudy\PHPTutorial\WWW\jason_shop\vendor\yiisoft\yii2\db\Connection.php(848): yii\db\Connection->getMasterPdo()
#2 C:\phpStudy\PHPTutorial\WWW\jason_shop\vendor\yiisoft\yii2\db\Command.php(219): yii\db\Connection->getSlavePdo()
#3 C:\phpStudy\PHPTutorial\WWW\jason_shop\vendor\yiisoft\yii2\db\Command.php(894): yii\db\Command->prepare('<span class="ke...')
#4 C:\phpStudy\PHPTutorial\WWW\jason_shop\vendor\yiisoft\yii2\db\Command.php(362): yii\db\Command->queryInternal('<span class="st...', '<span class="ke...')
#5 C:\phpStudy\PHPTutorial\WWW\jason_shop\vendor\yiisoft\yii2\db\Query.php(210): yii\db\Command->queryAll()
#6 C:\phpStudy\PHPTutorial\WWW\jason_shop\vendor\yiisoft\yii2\db\ActiveQuery.php(133): yii\db\Query->all('<span class="ke...')
#7 C:\phpStudy\PHPTutorial\WWW\jason_shop\models\Category.php(105): yii\db\ActiveQuery->all()
#8 C:\phpStudy\PHPTutorial\WWW\jason_shop\controllers\CommonController.php(15): app\models\Category::getMenu()
#9 C:\phpStudy\PHPTutorial\WWW\jason_shop\vendor\yiisoft\yii2\base\Object.php(107): app\controllers\CommonController->init()
#10 C:\phpStudy\PHPTutorial\WWW\jason_shop\vendor\yiisoft\yii2\base\Controller.php(84): yii\base\Object->__construct('[]')
#11 [internal function]: yii\base\Controller->__construct('<span class="st...', Object(yii\web\Application), '[]')
#12 C:\phpStudy\PHPTutorial\WWW\jason_shop\vendor\yiisoft\yii2\di\Container.php(368): ReflectionClass->newInstanceArgs('[<span class="s...')
#13 C:\phpStudy\PHPTutorial\WWW\jason_shop\vendor\yiisoft\yii2\di\Container.php(153): yii\di\Container->build('<span class="st...', '[<span class="s...', '[]')
#14 C:\phpStudy\PHPTutorial\WWW\jason_shop\vendor\yiisoft\yii2\BaseYii.php(340): yii\di\Container->get('<span class="st...', '[<span class="s...')
#15 C:\phpStudy\PHPTutorial\WWW\jason_shop\vendor\yiisoft\yii2\base\Module.php(567): yii\BaseYii::createObject('<span class="st...', '[<span class="s...')
#16 C:\phpStudy\PHPTutorial\WWW\jason_shop\vendor\yiisoft\yii2\base\Module.php(520): yii\base\Module->createControllerByID('<span class="st...')
#17 C:\phpStudy\PHPTutorial\WWW\jason_shop\vendor\yiisoft\yii2\base\Module.php(448): yii\base\Module->createController('<span class="st...')
#18 C:\phpStudy\PHPTutorial\WWW\jason_shop\vendor\yiisoft\yii2\web\Application.php(84): yii\base\Module->runAction('<span class="st...', '[]')
#19 C:\phpStudy\PHPTutorial\WWW\jason_shop\vendor\yiisoft\yii2\base\Application.php(375): yii\web\Application->handleRequest(Object(yii\web\Request))
#20 C:\phpStudy\PHPTutorial\WWW\jason_shop\web\index.php(12): yii\base\Application->run()
#21 {main}
Additional Information:

2019-06-03 23:01:30 [127.0.0.1][-][-][info][application] $_SERVER = [
    'PATH' => 'D:\\Server\\python3.6\\Scripts\\;D:\\Server\\python3.6\\;C:\\ProgramData\\Oracle\\Java\\javapath;C:\\Windows\\system32;C:\\Windows;C:\\Windows\\System32\\Wbem;C:\\Windows\\System32\\WindowsPowerShell\\v1.0\\;C:\\Program Files (x86)\\NVIDIA Corporation\\PhysX\\Common;C:\\Program Files\\Intel\\WiFi\\bin\\;C:\\Program Files\\Common Files\\Intel\\WirelessCommon\\;C:\\Program Files\\TortoiseSVN\\bin;C:\\ProgramData\\ComposerSetup\\bin;C:\\Program Files\\nodejs\\;C:\\WINDOWS\\system32;C:\\WINDOWS;C:\\WINDOWS\\System32\\Wbem;C:\\WINDOWS\\System32\\WindowsPowerShell\\v1.0\\;C:\\WINDOWS\\System32\\OpenSSH\\;C:\\phpStudy\\PHPTutorial\\php\\php-5.6.27-nts;C:\\Program Files\\Java\\jdk1.8.0_151\\bin;C:\\Users\\xm_pc\\Downloads\\apache-maven-3.5.4\\bin;D:\\gradle-4.10\\bin;C:\\HashiCorp\\Vagrant\\bin;C:\\Program Files\\MongoDB\\Server\\3.4\\bin;D:\\Redis;D:\\Server\\Python3.6\\Scripts\\;D:\\Server\\Python3.6\\;D:\\Users\\xm_pc\\AppData\\Local\\Programs\\Python\\Python36-32\\Scripts\\;D:\\Users\\xm_pc\\AppData\\Local\\Programs\\Python\\Python36-32\\;C:\\Users\\xm_pc\\AppData\\Local\\Microsoft\\WindowsApps;C:\\Users\\xm_pc\\AppData\\Roaming\\Composer\\vendor\\bin;C:\\Program Files (x86)\\SSH Communications Security\\SSH Secure Shell;C:\\Users\\xm_pc\\AppData\\Roaming\\npm;C:\\Program Files\\Microsoft VS Code\\bin'
    'SYSTEMROOT' => 'C:\\WINDOWS'
    'COMSPEC' => 'C:\\WINDOWS\\system32\\cmd.exe'
    'PATHEXT' => '.COM;.EXE;.BAT;.CMD;.VBS;.VBE;.JS;.JSE;.WSF;.WSH;.MSC;.PY;.PYW'
    'WINDIR' => 'C:\\WINDOWS'
    'PHP_FCGI_MAX_REQUESTS' => '1000'
    'PHPRC' => 'C:/phpStudy/PHPTutorial/php/php-5.6.27-nts/'
    '_FCGI_SHUTDOWN_EVENT_' => '2168'
    'SCRIPT_NAME' => '/index.php'
    'REQUEST_URI' => '/'
    'QUERY_STRING' => ''
    'REQUEST_METHOD' => 'GET'
    'SERVER_PROTOCOL' => 'HTTP/1.1'
    'GATEWAY_INTERFACE' => 'CGI/1.1'
    'REMOTE_PORT' => '51161'
    'SCRIPT_FILENAME' => 'C:/phpStudy/PHPTutorial/WWW/jason_shop/web/index.php'
    'SERVER_ADMIN' => 'admin@php.cn'
    'CONTEXT_DOCUMENT_ROOT' => 'C:/phpStudy/PHPTutorial/WWW/jason_shop/web'
    'CONTEXT_PREFIX' => ''
    'REQUEST_SCHEME' => 'http'
    'DOCUMENT_ROOT' => 'C:/phpStudy/PHPTutorial/WWW/jason_shop/web'
    'REMOTE_ADDR' => '127.0.0.1'
    'SERVER_PORT' => '80'
    'SERVER_ADDR' => '127.0.0.1'
    'SERVER_NAME' => 'jason_shop.deve'
    'SERVER_SOFTWARE' => 'Apache/2.4.23 (Win32) OpenSSL/1.0.2j mod_fcgid/2.3.9'
    'SERVER_SIGNATURE' => ''
    'SystemRoot' => 'C:\\WINDOWS'
    'HTTP_ACCEPT_LANGUAGE' => 'zh-CN,zh;q=0.9'
    'HTTP_ACCEPT_ENCODING' => 'gzip, deflate'
    'HTTP_ACCEPT' => 'text/html,application/xhtml+xml,application/xml;q=0.9,image/webp,image/apng,*/*;q=0.8,application/signed-exchange;v=b3'
    'HTTP_USER_AGENT' => 'Mozilla/5.0 (Windows NT 10.0; Win64; x64) AppleWebKit/537.36 (KHTML, like Gecko) Chrome/73.0.3683.103 Safari/537.36'
    'HTTP_UPGRADE_INSECURE_REQUESTS' => '1'
    'HTTP_CONNECTION' => 'close'
    'HTTP_HOST' => 'jason_shop.deve'
    'FCGI_ROLE' => 'RESPONDER'
    'PHP_SELF' => '/index.php'
    'REQUEST_TIME_FLOAT' => 1559574090.9511
    'REQUEST_TIME' => 1559574090
]
